2019-06-18T20:46:56.885Z debug: configuration successfully read: <internal>
2019-06-18T20:46:56.888Z info: [11225] HTTP: listening on port 53987
2019-06-18T20:46:56.889Z debug: configuration successfully read: <internal>
2019-06-18T20:46:56.890Z debug: configuration successfully read: <internal>
2019-06-18T20:46:57.936Z debug: [rawHandler] resource not found: Could not find an object matching "master".
2019-06-18T20:46:57.948Z debug: [rawHandler] resource not found: Could not find an object matching "master".
2019-06-18T20:46:57.966Z debug: [rawHandler] resource not found: Not found: htdocs/index.html
2019-06-18T20:48:32.141Z debug: configuration successfully read: <internal>
2019-06-18T20:48:32.144Z info: [11377] HTTP: listening on port 54339
2019-06-18T20:48:32.145Z debug: configuration successfully read: <internal>
2019-06-18T20:48:32.145Z debug: configuration successfully read: <internal>
2019-06-18T20:48:32.844Z debug: [rawHandler] resource not found: Not found: footer.md
2019-06-18T20:48:32.850Z debug: [rawHandler] resource not found: Not found: header.md
2019-06-18T20:48:32.862Z debug: [rawHandler] resource not found: Not found: footer.plain.html
2019-06-18T20:48:32.865Z debug: [rawHandler] resource not found: Not found: header.plain.html
2019-06-18T20:48:32.874Z debug: [rawHandler] resource not found: Not found: htdocs/footer.plain.html
2019-06-18T20:48:32.876Z debug: [rawHandler] resource not found: Not found: htdocs/header.plain.html
2019-06-18T20:48:32.889Z debug: [rawHandler] resource not found: Not found: style.css
2019-06-18T20:48:32.890Z debug: [rawHandler] resource not found: Not found: scrani.js
2019-06-18T20:51:43.448Z debug: configuration successfully read: <internal>
2019-06-18T20:51:43.452Z info: [11538] HTTP: listening on port 54490
2019-06-18T20:51:43.452Z debug: configuration successfully read: <internal>
2019-06-18T20:51:43.453Z debug: configuration successfully read: <internal>
2019-06-18T20:51:44.607Z debug: [rawHandler] resource not found: Not found: header.md
2019-06-18T20:51:44.612Z debug: [rawHandler] resource not found: Not found: footer.md
2019-06-18T20:51:44.623Z debug: [rawHandler] resource not found: Not found: header.plain.html
2019-06-18T20:51:44.626Z debug: [rawHandler] resource not found: Not found: footer.plain.html
2019-06-18T20:51:44.639Z debug: [rawHandler] resource not found: Not found: htdocs/header.plain.html
2019-06-18T20:51:44.641Z debug: [rawHandler] resource not found: Not found: htdocs/footer.plain.html
2019-06-18T20:51:44.654Z debug: [rawHandler] resource not found: Not found: style.css
2019-06-18T20:51:44.656Z debug: [rawHandler] resource not found: Not found: scrani.js
2019-06-18T20:51:52.932Z debug: [rawHandler] resource not found: Not found: style.css
